<?xml version="1.0" encoding="UTF-8"?>
<!-- Generated by org.testng.reporters.JUnitXMLReporter -->
<testsuite ignored="0" hostname="LAPTOP-QOP0GS97" failures="0" tests="14" name="Surefire test" time="70.538" errors="0" timestamp="2024-07-27T23:13:36 IST">
  <testcase classname="alerts.AlertTests" name="testAcceptAlert" time="0.375"/>
  <testcase classname="alerts.AlertTests" name="testGetTextFromAlert" time="0.043"/>
  <testcase classname="alerts.AlertTests" name="testSetInputInAlert" time="0.051"/>
  <testcase classname="contextMenu.ContextMenuTests" name="testRightClick" time="0.451"/>
  <testcase classname="dropdown.DropdownTests" name="testSelectOption" time="0.394"/>
  <testcase classname="fileUpload.FileUploadTests" name="testFileUpload" time="3.473"/>
  <testcase classname="frames.FrameTests" name="testFrameText" time="5.144"/>
  <testcase classname="horizontalSlider.SliderTests" name="testSlideToNumber" time="0.665"/>
  <testcase classname="hover.HoverTests" name="testHover" time="0.679"/>
  <testcase classname="keyPresses.KeyTests" name="keyTest" time="0.367"/>
  <testcase classname="keyPresses.KeyTests" name="testPi" time="0.193"/>
  <testcase classname="login.LoginTests" name="testSuccessfulLogin" time="10.922"/>
  <testcase classname="wait.WaitTests" name="testWaitUntilHidden" time="5.675"/>
  <testcase classname="wait.WaitTests" name="testWaitUntilVisible" time="6.012"/>
</testsuite> <!-- Surefire test -->
